<?xml version="1.0" encoding="UTF-8" ?>
<testsuite 
errors="0" failures="0" hostname="Sasha-home" name="org.scalatest.junit.JUnitWrapperSuite" tests="0" time="0.038" timestamp="2022-11-26T22:05:32">
  <properties>
    <property name="java.runtime.name" value="OpenJDK Runtime Environment"/>
    <property 
    name="sun.boot.library.path" value="C:\Users\alexa\.jdks\temurin-1.8.0_352\jre\bin">
</property>
    <property name="java.vm.version" value="25.352-b08"/>
    <property name="java.vm.vendor" value="Temurin"/>
    <property name="java.vendor.url" value="https://adoptium.net/"/>
    <property name="path.separator" value=";"/>
    <property name="java.vm.name" value="OpenJDK 64-Bit Server VM"/>
    <property name="file.encoding.pkg" value="sun.io"/>
    <property name="user.script" value=""/>
    <property name="user.country" value="RU"/>
    <property name="sun.java.launcher" value="SUN_STANDARD"/>
    <property name="sun.os.patch.level" value=""/>
    <property 
    name="java.vm.specification.name" value="Java Virtual Machine Specification">
</property>
    <property name="user.dir" value="C:\Idea_Projects\Scala_hw1"/>
    <property name="java.runtime.version" value="1.8.0_352-b08"/>
    <property 
    name="java.awt.graphicsenv" value="sun.awt.Win32GraphicsEnvironment">
</property>
    <property name="basedir" value="C:\Idea_Projects\Scala_hw1"/>
    <property 
    name="java.endorsed.dirs" value="C:\Users\alexa\.jdks\temurin-1.8.0_352\jre\lib\endorsed">
</property>
    <property name="os.arch" value="amd64"/>
    <property name="java.io.tmpdir" value="C:\Users\alexa\AppData\Local\Temp\">
    </property>
    <property name="line.separator" value=" "/>
    <property name="java.vm.specification.vendor" value="Oracle Corporation"/>
    <property name="user.variant" value=""/>
    <property name="os.name" value="Windows 10"/>
    <property name="sun.jnu.encoding" value="Cp1251"/>
    <property 
    name="java.library.path" value="C:\Users\alexa\.jdks\temurin-1.8.0_352\bin;C:\WINDOWS\Sun\Java\bin;C:\WINDOWS\system32;C:\WINDOWS;C:\Program Files\Common Files\Oracle\Java\javapath;C:\Windows\System32;C:\Windows;C:\Windows\System32\wbem;C:\Windows\System32\WindowsPowerShell\v1.0\;C:\Windows\System32\OpenSSH\;C:\Program Files (x86)\GnuPG\bin;C:\Program Files\Docker\Docker\resources\bin;C:\ProgramData\DockerDesktop\version-bin;C:\Program Files\Git\cmd;C:\Users\alexa\AppData\Local\Programs\Python\Python310\Scripts\;C:\Users\alexa\AppData\Local\Programs\Python\Python310\;C:\Users\alexa\AppData\Local\Microsoft\WindowsApps;C:\Users\alexa\AppData\Local\GitHubDesktop\bin;C:\Users\alexa\AppData\Local\Programs\Microsoft VS Code\bin;C:\Program Files\JetBrains\PyCharm Community Edition 2022.2.2\bin;;.">
</property>
    <property 
    name="java.specification.name" value="Java Platform API Specification">
</property>
    <property name="java.class.version" value="52.0"/>
    <property 
    name="sun.management.compiler" value="HotSpot 64-Bit Tiered Compilers">
</property>
    <property name="os.version" value="10.0"/>
    <property name="user.home" value="C:\Users\alexa"/>
    <property name="user.timezone" value=""/>
    <property name="java.awt.printerjob" value="sun.awt.windows.WPrinterJob"/>
    <property name="file.encoding" value="Cp1251"/>
    <property name="java.specification.version" value="1.8"/>
    <property name="user.name" value="alexa"/>
    <property 
    name="java.class.path" value="C:\Idea_Projects\Scala_hw1\target\test-classes;C:\Idea_Projects\Scala_hw1\target\classes;C:\Users\alexa\.m2\repository\org\scala-lang\scala-library\2.12.6\scala-library-2.12.6.jar;C:\Users\alexa\.m2\repository\junit\junit\4.12\junit-4.12.jar;C:\Users\alexa\.m2\repository\org\hamcrest\hamcrest-core\1.3\hamcrest-core-1.3.jar;C:\Users\alexa\.m2\repository\org\scalatest\scalatest_2.12\3.0.5\scalatest_2.12-3.0.5.jar;C:\Users\alexa\.m2\repository\org\scalactic\scalactic_2.12\3.0.5\scalactic_2.12-3.0.5.jar;C:\Users\alexa\.m2\repository\org\scala-lang\scala-reflect\2.12.4\scala-reflect-2.12.4.jar;C:\Users\alexa\.m2\repository\org\scala-lang\modules\scala-xml_2.12\1.0.6\scala-xml_2.12-1.0.6.jar;C:\Users\alexa\.m2\repository\org\specs2\specs2-core_2.12\4.2.0\specs2-core_2.12-4.2.0.jar;C:\Users\alexa\.m2\repository\org\specs2\specs2-matcher_2.12\4.2.0\specs2-matcher_2.12-4.2.0.jar;C:\Users\alexa\.m2\repository\org\specs2\specs2-common_2.12\4.2.0\specs2-common_2.12-4.2.0.jar;C:\Users\alexa\.m2\repository\org\specs2\specs2-fp_2.12\4.2.0\specs2-fp_2.12-4.2.0.jar;C:\Users\alexa\.m2\repository\org\scala-lang\modules\scala-parser-combinators_2.12\1.1.0\scala-parser-combinators_2.12-1.1.0.jar;C:\Users\alexa\.m2\repository\org\scala-sbt\test-interface\1.0\test-interface-1.0.jar;C:\Users\alexa\.m2\repository\org\specs2\specs2-junit_2.12\4.2.0\specs2-junit_2.12-4.2.0.jar">
</property>
    <property name="java.vm.specification.version" value="1.8"/>
    <property name="sun.arch.data.model" value="64"/>
    <property 
    name="java.home" value="C:\Users\alexa\.jdks\temurin-1.8.0_352\jre">
</property>
    <property 
    name="sun.java.command" value="org.scalatest.tools.Runner -R C:\Idea_Projects\Scala_hw1\target\classes C:\Idea_Projects\Scala_hw1\target\test-classes -j samples.AppTest -o -f C:\Idea_Projects\Scala_hw1\target\surefire-reports\TestSuiteReport.txt -u C:\Idea_Projects\Scala_hw1\target\surefire-reports\.">
</property>
    <property name="java.specification.vendor" value="Oracle Corporation"/>
    <property name="user.language" value="ru"/>
    <property name="awt.toolkit" value="sun.awt.windows.WToolkit"/>
    <property name="java.vm.info" value="mixed mode"/>
    <property name="java.version" value="1.8.0_352"/>
    <property 
    name="java.ext.dirs" value="C:\Users\alexa\.jdks\temurin-1.8.0_352\jre\lib\ext;C:\WINDOWS\Sun\Java\lib\ext">
</property>
    <property 
    name="sun.boot.class.path" value="C:\Users\alexa\.jdks\temurin-1.8.0_352\jre\lib\resources.jar;C:\Users\alexa\.jdks\temurin-1.8.0_352\jre\lib\rt.jar;C:\Users\alexa\.jdks\temurin-1.8.0_352\jre\lib\sunrsasign.jar;C:\Users\alexa\.jdks\temurin-1.8.0_352\jre\lib\jsse.jar;C:\Users\alexa\.jdks\temurin-1.8.0_352\jre\lib\jce.jar;C:\Users\alexa\.jdks\temurin-1.8.0_352\jre\lib\charsets.jar;C:\Users\alexa\.jdks\temurin-1.8.0_352\jre\lib\jfr.jar;C:\Users\alexa\.jdks\temurin-1.8.0_352\jre\classes">
</property>
    <property name="java.vendor" value="Temurin"/>
    <property name="java.specification.maintenance.version" value="4"/>
    <property name="file.separator" value="\"/>
    <property 
    name="java.vendor.url.bug" value="https://github.com/adoptium/adoptium-support/issues">
</property>
    <property name="sun.cpu.endian" value="little"/>
    <property name="sun.io.unicode.encoding" value="UnicodeLittle"/>
    <property name="sun.desktop" value="windows"/>
    <property name="sun.cpu.isalist" value="amd64"/>
  </properties>
  <system-out><![CDATA[]]></system-out>
  <system-err><![CDATA[]]></system-err>
</testsuite>
